# JRE version: Java(TM) SE Runtime Environment (8.0_251-b08) (build 1.8.0_251-b08)
# Java VM: Java HotSpot(TM) 64-Bit Server VM (25.251-b08 mixed mode windows-amd64 compressed oops)
Heap:
 PSYoungGen      total 317952K, used 69736K [0x00000000eab00000, 0x0000000100000000, 0x0000000100000000)
  eden space 288768K, 24% used [0x00000000eab00000,0x00000000eef1a230,0x00000000fc500000)
  from space 29184K, 0% used [0x00000000fe380000,0x00000000fe380000,0x0000000100000000)
  to   space 30208K, 0% used [0x00000000fc500000,0x00000000fc500000,0x00000000fe280000)
 ParOldGen       total 401408K, used 35277K [0x00000000c0000000, 0x00000000d8800000, 0x00000000eab00000)
  object space 401408K, 8% used [0x00000000c0000000,0x00000000c22737c0,0x00000000d8800000)
 Metaspace       used 94241K, capacity 97965K, committed 98856K, reserved 1134592K
  class space    used 12223K, capacity 13021K, committed 13184K, reserved 1048576K
GC Heap History (10 events):
Event: 14.975 GC heap before
{Heap before GC invocations=10 (full 3):
 PSYoungGen      total 324608K, used 15920K [0x00000000eab00000, 0x0000000100000000, 0x0000000100000000)
  eden space 300032K, 0% used [0x00000000eab00000,0x00000000eab00000,0x00000000fd000000)
  from space 24576K, 64% used [0x00000000fd000000,0x00000000fdf8c0f0,0x00000000fe800000)
  to   space 24064K, 0% used [0x00000000fe880000,0x00000000fe880000,0x0000000100000000)
 ParOldGen       total 349696K, used 11955K [0x00000000c0000000, 0x00000000d5580000, 0x00000000eab00000)
  object space 349696K, 3% used [0x00000000c0000000,0x00000000c0bacf10,0x00000000d5580000)
 Metaspace       used 56740K, capacity 59097K, committed 59160K, reserved 1099776K
  class space    used 7434K, capacity 8001K, committed 8064K, reserved 1048576K
Event: 15.247 GC heap after
Heap after GC invocations=10 (full 3):
 PSYoungGen      total 324608K, used 0K [0x00000000eab00000, 0x0000000100000000, 0x0000000100000000)
  eden space 300032K, 0% used [0x00000000eab00000,0x00000000eab00000,0x00000000fd000000)
  from space 24576K, 0% used [0x00000000fd000000,0x00000000fd000000,0x00000000fe800000)
  to   space 24064K, 0% used [0x00000000fe880000,0x00000000fe880000,0x0000000100000000)
 ParOldGen       total 349696K, used 25852K [0x00000000c0000000, 0x00000000d5580000, 0x00000000eab00000)
  object space 349696K, 7% used [0x00000000c0000000,0x00000000c193f288,0x00000000d5580000)
 Metaspace       used 56740K, capacity 59097K, committed 59160K, reserved 1099776K
  class space    used 7434K, capacity 8001K, committed 8064K, reserved 1048576K
}
Event: 23.630 GC heap before
{Heap before GC invocations=11 (full 3):
 PSYoungGen      total 324608K, used 300032K [0x00000000eab00000, 0x0000000100000000, 0x0000000100000000)
  eden space 300032K, 100% used [0x00000000eab00000,0x00000000fd000000,0x00000000fd000000)
  from space 24576K, 0% used [0x00000000fd000000,0x00000000fd000000,0x00000000fe800000)
  to   space 24064K, 0% used [0x00000000fe880000,0x00000000fe880000,0x0000000100000000)
 ParOldGen       total 349696K, used 25852K [0x00000000c0000000, 0x00000000d5580000, 0x00000000eab00000)
  object space 349696K, 7% used [0x00000000c0000000,0x00000000c193f288,0x00000000d5580000)
 Metaspace       used 87341K, capacity 90573K, committed 90880K, reserved 1128448K
  class space    used 11423K, capacity 12178K, committed 12288K, reserved 1048576K
Event: 23.732 GC heap after
Heap after GC invocations=11 (full 3):
 PSYoungGen      total 317952K, used 24051K [0x00000000eab00000, 0x0000000100000000, 0x0000000100000000)
  eden space 293888K, 0% used [0x00000000eab00000,0x00000000eab00000,0x00000000fca00000)
  from space 24064K, 99% used [0x00000000fe880000,0x00000000ffffcde0,0x0000000100000000)
  to   space 27648K, 0% used [0x00000000fca00000,0x00000000fca00000,0x00000000fe500000)
 ParOldGen       total 349696K, used 26720K [0x00000000c0000000, 0x00000000d5580000, 0x00000000eab00000)
  object space 349696K, 7% used [0x00000000c0000000,0x00000000c1a18078,0x00000000d5580000)
 Metaspace       used 87341K, capacity 90573K, committed 90880K, reserved 1128448K
  class space    used 11423K, capacity 12178K, committed 12288K, reserved 1048576K
}
Event: 1786.340 GC heap before
{Heap before GC invocations=12 (full 3):
 PSYoungGen      total 317952K, used 317939K [0x00000000eab00000, 0x0000000100000000, 0x0000000100000000)
  eden space 293888K, 100% used [0x00000000eab00000,0x00000000fca00000,0x00000000fca00000)
  from space 24064K, 99% used [0x00000000fe880000,0x00000000ffffcde0,0x0000000100000000)
  to   space 27648K, 0% used [0x00000000fca00000,0x00000000fca00000,0x00000000fe500000)
 ParOldGen       total 349696K, used 26720K [0x00000000c0000000, 0x00000000d5580000, 0x00000000eab00000)
  object space 349696K, 7% used [0x00000000c0000000,0x00000000c1a18078,0x00000000d5580000)
 Metaspace       used 93625K, capacity 97653K, committed 97920K, reserved 1134592K
  class space    used 12232K, capacity 13094K, committed 13184K, reserved 1048576K
Event: 1786.392 GC heap after
Heap after GC invocations=12 (full 3):
 PSYoungGen      total 320000K, used 25981K [0x00000000eab00000, 0x0000000100000000, 0x0000000100000000)
  eden space 293888K, 0% used [0x00000000eab00000,0x00000000eab00000,0x00000000fca00000)
  from space 26112K, 99% used [0x00000000fca00000,0x00000000fe35f778,0x00000000fe380000)
  to   space 29184K, 0% used [0x00000000fe380000,0x00000000fe380000,0x0000000100000000)
 ParOldGen       total 349696K, used 26728K [0x00000000c0000000, 0x00000000d5580000, 0x00000000eab00000)
  object space 349696K, 7% used [0x00000000c0000000,0x00000000c1a1a078,0x00000000d5580000)
 Metaspace       used 93625K, capacity 97653K, committed 97920K, reserved 1134592K
  class space    used 12232K, capacity 13094K, committed 13184K, reserved 1048576K
}
Event: 14504.925 GC heap before
{Heap before GC invocations=13 (full 3):
 PSYoungGen      total 320000K, used 248989K [0x00000000eab00000, 0x0000000100000000, 0x0000000100000000)
  eden space 293888K, 75% used [0x00000000eab00000,0x00000000f84c7cb0,0x00000000fca00000)
  from space 26112K, 99% used [0x00000000fca00000,0x00000000fe35f778,0x00000000fe380000)
  to   space 29184K, 0% used [0x00000000fe380000,0x00000000fe380000,0x0000000100000000)
 ParOldGen       total 349696K, used 26728K [0x00000000c0000000, 0x00000000d5580000, 0x00000000eab00000)
  object space 349696K, 7% used [0x00000000c0000000,0x00000000c1a1a078,0x00000000d5580000)
 Metaspace       used 94526K, capacity 98571K, committed 98600K, reserved 1134592K
  class space    used 12297K, capacity 13163K, committed 13184K, reserved 1048576K
Event: 14504.974 GC heap after
Heap after GC invocations=13 (full 3):
 PSYoungGen      total 317952K, used 9312K [0x00000000eab00000, 0x0000000100000000, 0x0000000100000000)
  eden space 288768K, 0% used [0x00000000eab00000,0x00000000eab00000,0x00000000fc500000)
  from space 29184K, 31% used [0x00000000fe380000,0x00000000fec98358,0x0000000100000000)
  to   space 30208K, 0% used [0x00000000fc500000,0x00000000fc500000,0x00000000fe280000)
 ParOldGen       total 349696K, used 39430K [0x00000000c0000000, 0x00000000d5580000, 0x00000000eab00000)
  object space 349696K, 11% used [0x00000000c0000000,0x00000000c2681a10,0x00000000d5580000)
 Metaspace       used 94526K, capacity 98571K, committed 98600K, reserved 1134592K
  class space    used 12297K, capacity 13163K, committed 13184K, reserved 1048576K
}
Event: 14504.974 GC heap before
{Heap before GC invocations=14 (full 4):
 PSYoungGen      total 317952K, used 9312K [0x00000000eab00000, 0x0000000100000000, 0x0000000100000000)
  eden space 288768K, 0% used [0x00000000eab00000,0x00000000eab00000,0x00000000fc500000)
  from space 29184K, 31% used [0x00000000fe380000,0x00000000fec98358,0x0000000100000000)
  to   space 30208K, 0% used [0x00000000fc500000,0x00000000fc500000,0x00000000fe280000)
 ParOldGen       total 349696K, used 39430K [0x00000000c0000000, 0x00000000d5580000, 0x00000000eab00000)
  object space 349696K, 11% used [0x00000000c0000000,0x00000000c2681a10,0x00000000d5580000)
 Metaspace       used 94526K, capacity 98571K, committed 98600K, reserved 1134592K
  class space    used 12297K, capacity 13163K, committed 13184K, reserved 1048576K
Event: 14505.658 GC heap after
Heap after GC invocations=14 (full 4):
 PSYoungGen      total 317952K, used 0K [0x00000000eab00000, 0x0000000100000000, 0x0000000100000000)
  eden space 288768K, 0% used [0x00000000eab00000,0x00000000eab00000,0x00000000fc500000)
  from space 29184K, 0% used [0x00000000fe380000,0x00000000fe380000,0x0000000100000000)
  to   space 30208K, 0% used [0x00000000fc500000,0x00000000fc500000,0x00000000fe280000)
 ParOldGen       total 401408K, used 35277K [0x00000000c0000000, 0x00000000d8800000, 0x00000000eab00000)
  object space 401408K, 8% used [0x00000000c0000000,0x00000000c22737c0,0x00000000d8800000)
 Metaspace       used 94076K, capacity 97767K, committed 98600K, reserved 1134592K
  class space    used 12218K, capacity 13020K, committed 13184K, reserved 1048576K
}

