# JRE version: Java(TM) SE Runtime Environment (8.0_251-b08) (build 1.8.0_251-b08)
# Java VM: Java HotSpot(TM) 64-Bit Server VM (25.251-b08 mixed mode windows-amd64 compressed oops)
Heap:
 PSYoungGen      total 303616K, used 38870K [0x00000000eab00000, 0x00000000ff700000, 0x0000000100000000)
  eden space 275456K, 5% used [0x00000000eab00000,0x00000000ebab4860,0x00000000fb800000)
  from space 28160K, 80% used [0x00000000fdb80000,0x00000000ff1c1020,0x00000000ff700000)
  to   space 32256K, 0% used [0x00000000fb800000,0x00000000fb800000,0x00000000fd780000)
 ParOldGen       total 699392K, used 48407K [0x00000000c0000000, 0x00000000eab00000, 0x00000000eab00000)
  object space 699392K, 6% used [0x00000000c0000000,0x00000000c2f45e08,0x00000000eab00000)
 Metaspace       used 96146K, capacity 100212K, committed 100352K, reserved 1136640K
  class space    used 12349K, capacity 13224K, committed 13312K, reserved 1048576K
GC Heap History (10 events):
Event: 511.463 GC heap before
{Heap before GC invocations=12 (full 3):
 PSYoungGen      total 316416K, used 205433K [0x00000000eab00000, 0x0000000100000000, 0x0000000100000000)
  eden space 290816K, 61% used [0x00000000eab00000,0x00000000f5a9f7c8,0x00000000fc700000)
  from space 25600K, 99% used [0x00000000fe700000,0x00000000fffff010,0x0000000100000000)
  to   space 29184K, 0% used [0x00000000fc700000,0x00000000fc700000,0x00000000fe380000)
 ParOldGen       total 527360K, used 27001K [0x00000000c0000000, 0x00000000e0300000, 0x00000000eab00000)
  object space 527360K, 5% used [0x00000000c0000000,0x00000000c1a5e708,0x00000000e0300000)
 Metaspace       used 94452K, capacity 98412K, committed 98560K, reserved 1134592K
  class space    used 12330K, capacity 13214K, committed 13312K, reserved 1048576K
Event: 511.497 GC heap after
Heap after GC invocations=12 (full 3):
 PSYoungGen      total 320000K, used 28805K [0x00000000eab00000, 0x0000000100000000, 0x0000000100000000)
  eden space 290816K, 0% used [0x00000000eab00000,0x00000000eab00000,0x00000000fc700000)
  from space 29184K, 98% used [0x00000000fc700000,0x00000000fe321428,0x00000000fe380000)
  to   space 29184K, 0% used [0x00000000fe380000,0x00000000fe380000,0x0000000100000000)
 ParOldGen       total 527360K, used 27009K [0x00000000c0000000, 0x00000000e0300000, 0x00000000eab00000)
  object space 527360K, 5% used [0x00000000c0000000,0x00000000c1a60708,0x00000000e0300000)
 Metaspace       used 94452K, capacity 98412K, committed 98560K, reserved 1134592K
  class space    used 12330K, capacity 13214K, committed 13312K, reserved 1048576K
}
Event: 511.497 GC heap before
{Heap before GC invocations=13 (full 4):
 PSYoungGen      total 320000K, used 28805K [0x00000000eab00000, 0x0000000100000000, 0x0000000100000000)
  eden space 290816K, 0% used [0x00000000eab00000,0x00000000eab00000,0x00000000fc700000)
  from space 29184K, 98% used [0x00000000fc700000,0x00000000fe321428,0x00000000fe380000)
  to   space 29184K, 0% used [0x00000000fe380000,0x00000000fe380000,0x0000000100000000)
 ParOldGen       total 527360K, used 27009K [0x00000000c0000000, 0x00000000e0300000, 0x00000000eab00000)
  object space 527360K, 5% used [0x00000000c0000000,0x00000000c1a60708,0x00000000e0300000)
 Metaspace       used 94452K, capacity 98412K, committed 98560K, reserved 1134592K
  class space    used 12330K, capacity 13214K, committed 13312K, reserved 1048576K
Event: 511.764 GC heap after
Heap after GC invocations=13 (full 4):
 PSYoungGen      total 320000K, used 0K [0x00000000eab00000, 0x0000000100000000, 0x0000000100000000)
  eden space 290816K, 0% used [0x00000000eab00000,0x00000000eab00000,0x00000000fc700000)
  from space 29184K, 0% used [0x00000000fc700000,0x00000000fc700000,0x00000000fe380000)
  to   space 29184K, 0% used [0x00000000fe380000,0x00000000fe380000,0x0000000100000000)
 ParOldGen       total 699392K, used 48383K [0x00000000c0000000, 0x00000000eab00000, 0x00000000eab00000)
  object space 699392K, 6% used [0x00000000c0000000,0x00000000c2f3fe08,0x00000000eab00000)
 Metaspace       used 94452K, capacity 98412K, committed 98560K, reserved 1134592K
  class space    used 12330K, capacity 13214K, committed 13312K, reserved 1048576K
}
Event: 4021.446 GC heap before
{Heap before GC invocations=14 (full 4):
 PSYoungGen      total 320000K, used 290816K [0x00000000eab00000, 0x0000000100000000, 0x0000000100000000)
  eden space 290816K, 100% used [0x00000000eab00000,0x00000000fc700000,0x00000000fc700000)
  from space 29184K, 0% used [0x00000000fc700000,0x00000000fc700000,0x00000000fe380000)
  to   space 29184K, 0% used [0x00000000fe380000,0x00000000fe380000,0x0000000100000000)
 ParOldGen       total 699392K, used 48383K [0x00000000c0000000, 0x00000000eab00000, 0x00000000eab00000)
  object space 699392K, 6% used [0x00000000c0000000,0x00000000c2f3fe08,0x00000000eab00000)
 Metaspace       used 95508K, capacity 99608K, committed 99840K, reserved 1136640K
  class space    used 12335K, capacity 13220K, committed 13312K, reserved 1048576K
Event: 4021.460 GC heap after
Heap after GC invocations=14 (full 4):
 PSYoungGen      total 312832K, used 22082K [0x00000000eab00000, 0x0000000100000000, 0x0000000100000000)
  eden space 283648K, 0% used [0x00000000eab00000,0x00000000eab00000,0x00000000fc000000)
  from space 29184K, 75% used [0x00000000fe380000,0x00000000ff910ba0,0x0000000100000000)
  to   space 32768K, 0% used [0x00000000fc000000,0x00000000fc000000,0x00000000fe000000)
 ParOldGen       total 699392K, used 48391K [0x00000000c0000000, 0x00000000eab00000, 0x00000000eab00000)
  object space 699392K, 6% used [0x00000000c0000000,0x00000000c2f41e08,0x00000000eab00000)
 Metaspace       used 95508K, capacity 99608K, committed 99840K, reserved 1136640K
  class space    used 12335K, capacity 13220K, committed 13312K, reserved 1048576K
}
Event: 7471.405 GC heap before
{Heap before GC invocations=15 (full 4):
 PSYoungGen      total 312832K, used 305730K [0x00000000eab00000, 0x0000000100000000, 0x0000000100000000)
  eden space 283648K, 100% used [0x00000000eab00000,0x00000000fc000000,0x00000000fc000000)
  from space 29184K, 75% used [0x00000000fe380000,0x00000000ff910ba0,0x0000000100000000)
  to   space 32768K, 0% used [0x00000000fc000000,0x00000000fc000000,0x00000000fe000000)
 ParOldGen       total 699392K, used 48391K [0x00000000c0000000, 0x00000000eab00000, 0x00000000eab00000)
  object space 699392K, 6% used [0x00000000c0000000,0x00000000c2f41e08,0x00000000eab00000)
 Metaspace       used 95730K, capacity 99800K, committed 100096K, reserved 1136640K
  class space    used 12336K, capacity 13220K, committed 13312K, reserved 1048576K
Event: 7471.416 GC heap after
Heap after GC invocations=15 (full 4):
 PSYoungGen      total 302080K, used 22032K [0x00000000eab00000, 0x00000000ffb00000, 0x0000000100000000)
  eden space 279552K, 0% used [0x00000000eab00000,0x00000000eab00000,0x00000000fbc00000)
  from space 22528K, 97% used [0x00000000fc000000,0x00000000fd584090,0x00000000fd600000)
  to   space 32256K, 0% used [0x00000000fdb80000,0x00000000fdb80000,0x00000000ffb00000)
 ParOldGen       total 699392K, used 48399K [0x00000000c0000000, 0x00000000eab00000, 0x00000000eab00000)
  object space 699392K, 6% used [0x00000000c0000000,0x00000000c2f43e08,0x00000000eab00000)
 Metaspace       used 95730K, capacity 99800K, committed 100096K, reserved 1136640K
  class space    used 12336K, capacity 13220K, committed 13312K, reserved 1048576K
}
Event: 11056.374 GC heap before
{Heap before GC invocations=16 (full 4):
 PSYoungGen      total 302080K, used 301584K [0x00000000eab00000, 0x00000000ffb00000, 0x0000000100000000)
  eden space 279552K, 100% used [0x00000000eab00000,0x00000000fbc00000,0x00000000fbc00000)
  from space 22528K, 97% used [0x00000000fc000000,0x00000000fd584090,0x00000000fd600000)
  to   space 32256K, 0% used [0x00000000fdb80000,0x00000000fdb80000,0x00000000ffb00000)
 ParOldGen       total 699392K, used 48399K [0x00000000c0000000, 0x00000000eab00000, 0x00000000eab00000)
  object space 699392K, 6% used [0x00000000c0000000,0x00000000c2f43e08,0x00000000eab00000)
 Metaspace       used 96041K, capacity 100136K, committed 100352K, reserved 1136640K
  class space    used 12336K, capacity 13220K, committed 13312K, reserved 1048576K
Event: 11056.385 GC heap after
Heap after GC invocations=16 (full 4):
 PSYoungGen      total 303616K, used 22788K [0x00000000eab00000, 0x00000000ff700000, 0x0000000100000000)
  eden space 275456K, 0% used [0x00000000eab00000,0x00000000eab00000,0x00000000fb800000)
  from space 28160K, 80% used [0x00000000fdb80000,0x00000000ff1c1020,0x00000000ff700000)
  to   space 32256K, 0% used [0x00000000fb800000,0x00000000fb800000,0x00000000fd780000)
 ParOldGen       total 699392K, used 48407K [0x00000000c0000000, 0x00000000eab00000, 0x00000000eab00000)
  object space 699392K, 6% used [0x00000000c0000000,0x00000000c2f45e08,0x00000000eab00000)
 Metaspace       used 96041K, capacity 100136K, committed 100352K, reserved 1136640K
  class space    used 12336K, capacity 13220K, committed 13312K, reserved 1048576K
}

